Using pre-set license
Built from '2020.3/staging' branch; Version is '2020.3.3f1 (76626098c1c4) revision 7758432'; Using compiler version '192528614'; Build Type 'Release'
OS: 'Windows 10 Home; OS build 19042.867; Version 2009; 64bit' Language: 'es' Physical Memory: 16221 MB
BatchMode: 1, IsHumanControllingUs: 0, StartBugReporterOnCrash: 0, Is64bit: 1, IsPro: 0

 COMMAND LINE ARGUMENTS:
C:\Program Files\Unity\Hub\Editor\2020.3.3f1\Editor\Unity.exe
-adb2
-batchMode
-noUpm
-name
AssetImportWorker0
-projectPath
C:/Users/alex/Downloads/TheGoonies-master/TheGoonies-master/Overcooked
-logFile
Logs/AssetImportWorker0.log
-srvPort
50443
Successfully changed project path to: C:/Users/alex/Downloads/TheGoonies-master/TheGoonies-master/Overcooked
C:/Users/alex/Downloads/TheGoonies-master/TheGoonies-master/Overcooked
Using Asset Import Pipeline V2.
Refreshing native plugins compatible for Editor in 21.26 ms, found 0 plugins.
Preloading 0 native plugins for Editor in 0.00 ms.
Initialize engine version: 2020.3.3f1 (76626098c1c4)
[Subsystems] Discovering subsystems at path C:/Program Files/Unity/Hub/Editor/2020.3.3f1/Editor/Data/Resources/UnitySubsystems
[Subsystems] Discovering subsystems at path C:/Users/alex/Downloads/TheGoonies-master/TheGoonies-master/Overcooked/Assets
GfxDevice: creating device client; threaded=0
Direct3D:
    Version:  Direct3D 11.0 [level 11.1]
    Renderer: Intel(R) UHD Graphics (ID=0x9b41)
    Vendor:   
    VRAM:     8110 MB
    Driver:   27.20.100.8681
Initialize mono
Mono path[0] = 'C:/Program Files/Unity/Hub/Editor/2020.3.3f1/Editor/Data/Managed'
Mono path[1] = 'C:/Program Files/Unity/Hub/Editor/2020.3.3f1/Editor/Data/MonoBleedingEdge/lib/mono/unityjit'
Mono config path = 'C:/Program Files/Unity/Hub/Editor/2020.3.3f1/Editor/Data/MonoBleedingEdge/etc'
Using monoOptions --debugger-agent=transport=dt_socket,embedding=1,server=y,suspend=n,address=127.0.0.1:56228
Begin MonoManager ReloadAssembly
Registering precompiled unity dll's ...
Register platform support module: C:/Program Files/Unity/Hub/Editor/2020.3.3f1/Editor/Data/PlaybackEngines/WindowsStandaloneSupport/UnityEditor.WindowsStandalone.Extensions.dll
Registered in 0.001568 seconds.
Native extension for WindowsStandalone target not found
Refreshing native plugins compatible for Editor in 23.83 ms, found 0 plugins.
Preloading 0 native plugins for Editor in 0.00 ms.
Invoked RoslynAnalysisRunner static constructor.
RoslynAnalysisRunner will not be running.
RoslynAnalysisRunner has terminated.
Mono: successfully reloaded assembly
- Completed reload, in  0.981 seconds
Platform modules already initialized, skipping
Registering precompiled user dll's ...
Registered in 0.000507 seconds.
Begin MonoManager ReloadAssembly
Native extension for WindowsStandalone target not found
Refreshing native plugins compatible for Editor in 0.24 ms, found 0 plugins.
Preloading 0 native plugins for Editor in 0.00 ms.
Invoked RoslynAnalysisRunner static constructor.
RoslynAnalysisRunner will not be running.
RoslynAnalysisRunner has terminated.
Mono: successfully reloaded assembly
- Completed reload, in  0.783 seconds
Platform modules already initialized, skipping
========================================================================
Worker process is ready to serve import requests
Launched and connected shader compiler UnityShaderCompiler.exe after 0.03 seconds
Refreshing native plugins compatible for Editor in 0.35 ms, found 0 plugins.
Preloading 0 native plugins for Editor in 0.00 ms.
Unloading 1115 Unused Serialized files (Serialized files now loaded: 0)
System memory in use before: 57.0 MB.
System memory in use after: 57.1 MB.

Unloading 9 unused Assets to reduce memory usage. Loaded Objects now: 1558.
Total: 2.920200 ms (FindLiveObjects: 0.276000 ms CreateObjectMapping: 0.089600 ms MarkObjects: 2.422000 ms  DeleteObjects: 0.087700 ms)

========================================================================
Received Import Request.
  path: Assets/Scenes
  artifactKey: Guid(294d596cf382a1945805d90db6989e86) Importer(815301076,1909f56bfc062723c751e8b465ee728b)
Start importing Assets/Scenes using Guid(294d596cf382a1945805d90db6989e86) Importer(815301076,1909f56bfc062723c751e8b465ee728b)  -> (artifact id: '4980530e37e180e8a4202cf44260eb99') in 0.013622 seconds
  Import took 0.016939 seconds .

========================================================================
Received Import Request.
  Time since last request: 0.000239 seconds.
  path: Assets/Scenes/SampleScene.unity
  artifactKey: Guid(9fc0d4010bbf28b4594072e72b8655ab) Importer(815301076,1909f56bfc062723c751e8b465ee728b)
Start importing Assets/Scenes/SampleScene.unity using Guid(9fc0d4010bbf28b4594072e72b8655ab) Importer(815301076,1909f56bfc062723c751e8b465ee728b)  -> (artifact id: '5040b2d91f32de30374394fd0102f08f') in 0.025498 seconds
  Import took 0.027986 seconds .

========================================================================
Received Import Request.
  Time since last request: 0.397926 seconds.
  path: Assets/Scenes/Escena1
  artifactKey: Guid(135655190f2407744bda82733ab488c3) Importer(815301076,1909f56bfc062723c751e8b465ee728b)
Start importing Assets/Scenes/Escena1 using Guid(135655190f2407744bda82733ab488c3) Importer(815301076,1909f56bfc062723c751e8b465ee728b)  -> (artifact id: '72826850d4bf198f6af36ebddda6d90f') in 0.010234 seconds
  Import took 0.012775 seconds .

========================================================================
Received Import Request.
  Time since last request: 0.061923 seconds.
  path: Assets/Scenes/Escena1/mesa.obj
  artifactKey: Guid(c7f7f34df497ca3439e3158119b0e59a) Importer(815301076,1909f56bfc062723c751e8b465ee728b)
Start importing Assets/Scenes/Escena1/mesa.obj using Guid(c7f7f34df497ca3439e3158119b0e59a) Importer(815301076,1909f56bfc062723c751e8b465ee728b)  -> (artifact id: '8477d4a748179d81ada3eef67ab0e7b8') in 0.382921 seconds
  Import took 0.385035 seconds .

========================================================================
Received Import Request.
  Time since last request: 0.000145 seconds.
  path: Assets/Scenes/Escena1/mesa.png
  artifactKey: Guid(8769e454bbff9254bbd82fb17ba54553) Importer(815301076,1909f56bfc062723c751e8b465ee728b)
Start importing Assets/Scenes/Escena1/mesa.png using Guid(8769e454bbff9254bbd82fb17ba54553) Importer(815301076,1909f56bfc062723c751e8b465ee728b)  -> (artifact id: '6c2ee536def8fa4e3c9ed64d99bca0bc') in 0.015324 seconds
  Import took 0.017142 seconds .

========================================================================
Received Import Request.
  Time since last request: 0.000394 seconds.
  path: Assets/Scenes/Escena1/suelo_cocina.png
  artifactKey: Guid(8d87f28cb41daa64191d881d200ef746) Importer(815301076,1909f56bfc062723c751e8b465ee728b)
Start importing Assets/Scenes/Escena1/suelo_cocina.png using Guid(8d87f28cb41daa64191d881d200ef746) Importer(815301076,1909f56bfc062723c751e8b465ee728b)  -> (artifact id: '0fff50e3eda0f84c56906d0c058a09be') in 0.013094 seconds
  Import took 0.015817 seconds .

========================================================================
Received Import Request.
  Time since last request: 0.000311 seconds.
  path: Assets/Scenes/Escena1/suelo_cocina.obj
  artifactKey: Guid(27b64bcdff3fe0449a598e041fbf0c3f) Importer(815301076,1909f56bfc062723c751e8b465ee728b)
Start importing Assets/Scenes/Escena1/suelo_cocina.obj using Guid(27b64bcdff3fe0449a598e041fbf0c3f) Importer(815301076,1909f56bfc062723c751e8b465ee728b)  -> (artifact id: 'f08388de4532ad2e75e02303c6be15f7') in 0.030550 seconds
  Import took 0.033347 seconds .

========================================================================
Received Prepare
Refreshing native plugins compatible for Editor in 0.86 ms, found 0 plugins.
Preloading 0 native plugins for Editor in 0.00 ms.
Unloading 2 Unused Serialized files (Serialized files now loaded: 0)
System memory in use before: 38.5 MB.
System memory in use after: 38.6 MB.

Unloading 2 unused Assets to reduce memory usage. Loaded Objects now: 1603.
Total: 4.113600 ms (FindLiveObjects: 0.104400 ms CreateObjectMapping: 0.024800 ms MarkObjects: 3.971200 ms  DeleteObjects: 0.012000 ms)

========================================================================
Received Import Request.
  Time since last request: 109.257052 seconds.
  path: Assets/Scenes/Escena1/chef.vox
  artifactKey: Guid(3f10b075855e5d44ea1c586b2d687c5a) Importer(815301076,1909f56bfc062723c751e8b465ee728b)
Start importing Assets/Scenes/Escena1/chef.vox using Guid(3f10b075855e5d44ea1c586b2d687c5a) Importer(815301076,1909f56bfc062723c751e8b465ee728b)  -> (artifact id: 'adf4d44363c686343f5fbbded246287f') in 0.011472 seconds
  Import took 0.013238 seconds .

========================================================================
Received Import Request.
  Time since last request: 43.176854 seconds.
  path: Assets/Scenes/Escena1/chef.obj
  artifactKey: Guid(aacc1270ffd72f243b67adb556c68e07) Importer(815301076,1909f56bfc062723c751e8b465ee728b)
Start importing Assets/Scenes/Escena1/chef.obj using Guid(aacc1270ffd72f243b67adb556c68e07) Importer(815301076,1909f56bfc062723c751e8b465ee728b)  -> (artifact id: 'b6e047dde9becbb4d4f96692c90fb2ba') in 0.030592 seconds
  Import took 0.032477 seconds .

========================================================================
Received Import Request.
  Time since last request: 69.398767 seconds.
  path: Assets/Prototipos Modelos/mesa.vox
  artifactKey: Guid(7f1ee197ee3bc224aa66197951025ea4) Importer(815301076,1909f56bfc062723c751e8b465ee728b)
Start importing Assets/Prototipos Modelos/mesa.vox using Guid(7f1ee197ee3bc224aa66197951025ea4) Importer(815301076,1909f56bfc062723c751e8b465ee728b)  -> (artifact id: '60b4b7704f46ea2c60d6774efd517879') in 0.003426 seconds
  Import took 0.005515 seconds .

========================================================================
Received Import Request.
  Time since last request: 0.446244 seconds.
  path: Assets/Prototipos Modelos/suelo_cocina.vox
  artifactKey: Guid(535d599ce41d36f4bba893a5920daca0) Importer(815301076,1909f56bfc062723c751e8b465ee728b)
Start importing Assets/Prototipos Modelos/suelo_cocina.vox using Guid(535d599ce41d36f4bba893a5920daca0) Importer(815301076,1909f56bfc062723c751e8b465ee728b)  -> (artifact id: '85f6661d0adf3867f3b783ec027216c0') in 0.003394 seconds
  Import took 0.006290 seconds .

========================================================================
Received Import Request.
  Time since last request: 340.438456 seconds.
  path: Assets/Prefabs
  artifactKey: Guid(031096f840d23cd4592deff2e683777c) Importer(815301076,1909f56bfc062723c751e8b465ee728b)
Start importing Assets/Prefabs using Guid(031096f840d23cd4592deff2e683777c) Importer(815301076,1909f56bfc062723c751e8b465ee728b)  -> (artifact id: '7b7f2b2b1b05d75c456b935ac0c16aee') in 0.018133 seconds
  Import took 0.021802 seconds .

========================================================================
Received Import Request.
  Time since last request: 1.175347 seconds.
  path: Assets/Models/mesa.obj
  artifactKey: Guid(c7f7f34df497ca3439e3158119b0e59a) Importer(815301076,1909f56bfc062723c751e8b465ee728b)
Start importing Assets/Models/mesa.obj using Guid(c7f7f34df497ca3439e3158119b0e59a) Importer(815301076,1909f56bfc062723c751e8b465ee728b)  -> (artifact id: 'b9f1a815aa3f8ec676db63df62d5d9f9') in 0.024643 seconds
  Import took 0.027504 seconds .

========================================================================
Received Import Request.
  Time since last request: 0.000196 seconds.
  path: Assets/Models/suelo_cocina.obj
  artifactKey: Guid(27b64bcdff3fe0449a598e041fbf0c3f) Importer(815301076,1909f56bfc062723c751e8b465ee728b)
Start importing Assets/Models/suelo_cocina.obj using Guid(27b64bcdff3fe0449a598e041fbf0c3f) Importer(815301076,1909f56bfc062723c751e8b465ee728b)  -> (artifact id: '9761aa338133821cd31d8b3b61c68e29') in 0.033000 seconds
  Import took 0.034515 seconds .

========================================================================
Received Import Request.
  Time since last request: 4.397492 seconds.
  path: Assets/Textures/chef.png
  artifactKey: Guid(09f744828d2464248ad974d59a5cd246) Importer(815301076,1909f56bfc062723c751e8b465ee728b)
Start importing Assets/Textures/chef.png using Guid(09f744828d2464248ad974d59a5cd246) Importer(815301076,1909f56bfc062723c751e8b465ee728b)  -> (artifact id: '048fdfa346a760398692a6633d796ccb') in 0.008587 seconds
  Import took 0.011499 seconds .

========================================================================
Received Import Request.
  Time since last request: 16.841557 seconds.
  path: Assets/Materials/chef.mat
  artifactKey: Guid(842e2f1a807dfea429b8e671a43e91bf) Importer(815301076,1909f56bfc062723c751e8b465ee728b)
Start importing Assets/Materials/chef.mat using Guid(842e2f1a807dfea429b8e671a43e91bf) Importer(815301076,1909f56bfc062723c751e8b465ee728b)  -> (artifact id: 'c987d7b0e41e4ce6953115a78f8f9b03') in 0.056167 seconds
  Import took 0.058582 seconds .

========================================================================
Received Import Request.
  Time since last request: 0.000220 seconds.
  path: Assets/Materials/mesa.mat
  artifactKey: Guid(0f05ac43c041f854abb606425c7b1a7b) Importer(815301076,1909f56bfc062723c751e8b465ee728b)
Start importing Assets/Materials/mesa.mat using Guid(0f05ac43c041f854abb606425c7b1a7b) Importer(815301076,1909f56bfc062723c751e8b465ee728b)  -> (artifact id: '6f7b175b1e24261f8824940ac13861c7') in 0.019495 seconds
  Import took 0.022089 seconds .

========================================================================
Received Import Request.
  Time since last request: 251.048144 seconds.
  path: Assets/Prefabs/chef.prefab
  artifactKey: Guid(c32188126d2245b4396d24eaee2d9ad1) Importer(815301076,1909f56bfc062723c751e8b465ee728b)
Start importing Assets/Prefabs/chef.prefab using Guid(c32188126d2245b4396d24eaee2d9ad1) Importer(815301076,1909f56bfc062723c751e8b465ee728b)  -> (artifact id: '8db505f1866a41c8b4739234d39e01a1') in 0.020584 seconds
  Import took 0.023515 seconds .

========================================================================
Received Import Request.
  Time since last request: 4.786463 seconds.
  path: Assets/Prefabs/suelo_cocina.prefab
  artifactKey: Guid(f33e7c164d11acc4083e29b204166e82) Importer(815301076,1909f56bfc062723c751e8b465ee728b)
Start importing Assets/Prefabs/suelo_cocina.prefab using Guid(f33e7c164d11acc4083e29b204166e82) Importer(815301076,1909f56bfc062723c751e8b465ee728b)  -> (artifact id: 'c7e4d447673e14f7587290d38eceaeea') in 0.019707 seconds
  Import took 0.021826 seconds .

========================================================================
Received Import Request.
  Time since last request: 0.000363 seconds.
  path: Assets/Prefabs/suelo_cocina.prefab
  artifactKey: Guid(f33e7c164d11acc4083e29b204166e82) Importer(815301076,1909f56bfc062723c751e8b465ee728b)
Start importing Assets/Prefabs/suelo_cocina.prefab using Guid(f33e7c164d11acc4083e29b204166e82) Importer(815301076,1909f56bfc062723c751e8b465ee728b)  -> (artifact id: 'c7e4d447673e14f7587290d38eceaeea') in 0.013502 seconds
  Import took 0.015972 seconds .

========================================================================
Received Import Request.
  Time since last request: 2.268583 seconds.
  path: Assets/Prefabs/mesa Variant.prefab
  artifactKey: Guid(238dec64d8de1f645a3e8c847452d572) Importer(815301076,1909f56bfc062723c751e8b465ee728b)
Start importing Assets/Prefabs/mesa Variant.prefab using Guid(238dec64d8de1f645a3e8c847452d572) Importer(815301076,1909f56bfc062723c751e8b465ee728b)  -> (artifact id: 'c9d20e0db6c888952933347c8c7d0a3b') in 0.020340 seconds
  Import took 0.022372 seconds .

========================================================================
Received Import Request.
  Time since last request: 0.001808 seconds.
  path: Assets/Prefabs/mesa Variant.prefab
  artifactKey: Guid(238dec64d8de1f645a3e8c847452d572) Importer(815301076,1909f56bfc062723c751e8b465ee728b)
Start importing Assets/Prefabs/mesa Variant.prefab using Guid(238dec64d8de1f645a3e8c847452d572) Importer(815301076,1909f56bfc062723c751e8b465ee728b)  -> (artifact id: 'c9d20e0db6c888952933347c8c7d0a3b') in 0.013632 seconds
  Import took 0.016403 seconds .

========================================================================
Received Import Request.
  Time since last request: 9.203395 seconds.
  path: Assets/Prefabs/suelo_cocina.prefab
  artifactKey: Guid(f33e7c164d11acc4083e29b204166e82) Importer(815301076,1909f56bfc062723c751e8b465ee728b)
Start importing Assets/Prefabs/suelo_cocina.prefab using Guid(f33e7c164d11acc4083e29b204166e82) Importer(815301076,1909f56bfc062723c751e8b465ee728b)  -> (artifact id: '08853da2787ba4c10d3a6bc005267491') in 0.019098 seconds
  Import took 0.021088 seconds .

========================================================================
Received Import Request.
  Time since last request: 15.093939 seconds.
  path: Assets/Prefabs/default.prefab
  artifactKey: Guid(30f06f6fb36876d4eb6c41b706f66010) Importer(815301076,1909f56bfc062723c751e8b465ee728b)
Start importing Assets/Prefabs/default.prefab using Guid(30f06f6fb36876d4eb6c41b706f66010) Importer(815301076,1909f56bfc062723c751e8b465ee728b)  -> (artifact id: '7dd5a12d53031abc8d7f80fe823b776e') in 0.015570 seconds
  Import took 0.017811 seconds .

========================================================================
Received Import Request.
  Time since last request: 0.005849 seconds.
  path: Assets/Prefabs/default.prefab
  artifactKey: Guid(30f06f6fb36876d4eb6c41b706f66010) Importer(815301076,1909f56bfc062723c751e8b465ee728b)
Start importing Assets/Prefabs/default.prefab using Guid(30f06f6fb36876d4eb6c41b706f66010) Importer(815301076,1909f56bfc062723c751e8b465ee728b)  -> (artifact id: '7dd5a12d53031abc8d7f80fe823b776e') in 0.010189 seconds
  Import took 0.013235 seconds .

========================================================================
Received Import Request.
  Time since last request: 20.820128 seconds.
  path: Assets/Prefabs/default.prefab
  artifactKey: Guid(30f06f6fb36876d4eb6c41b706f66010) Importer(815301076,1909f56bfc062723c751e8b465ee728b)
Start importing Assets/Prefabs/default.prefab using Guid(30f06f6fb36876d4eb6c41b706f66010) Importer(815301076,1909f56bfc062723c751e8b465ee728b)  -> (artifact id: '4ff2cf123e43b6f2b183f0082ec9b8b5') in 0.016655 seconds
  Import took 0.018847 seconds .

========================================================================
Received Import Request.
  Time since last request: 0.006869 seconds.
  path: Assets/Prefabs/default.prefab
  artifactKey: Guid(30f06f6fb36876d4eb6c41b706f66010) Importer(815301076,1909f56bfc062723c751e8b465ee728b)
Start importing Assets/Prefabs/default.prefab using Guid(30f06f6fb36876d4eb6c41b706f66010) Importer(815301076,1909f56bfc062723c751e8b465ee728b)  -> (artifact id: '4ff2cf123e43b6f2b183f0082ec9b8b5') in 0.012812 seconds
  Import took 0.016226 seconds .

========================================================================
Received Import Request.
  Time since last request: 16.048964 seconds.
  path: Assets/Materials/suelo_cocina.mat
  artifactKey: Guid(623fc5dc273483c43a31787f112a4244) Importer(815301076,1909f56bfc062723c751e8b465ee728b)
Start importing Assets/Materials/suelo_cocina.mat using Guid(623fc5dc273483c43a31787f112a4244) Importer(815301076,1909f56bfc062723c751e8b465ee728b)  -> (artifact id: '3e81351ee97130b1a8a66bdadf39d3a1') in 0.011564 seconds
  Import took 0.013913 seconds .

========================================================================
Received Import Request.
  Time since last request: 45.114321 seconds.
  path: Assets/Prefabs/default.prefab
  artifactKey: Guid(30f06f6fb36876d4eb6c41b706f66010) Importer(815301076,1909f56bfc062723c751e8b465ee728b)
Start importing Assets/Prefabs/default.prefab using Guid(30f06f6fb36876d4eb6c41b706f66010) Importer(815301076,1909f56bfc062723c751e8b465ee728b)  -> (artifact id: '91fe988f7ca7c66913937a539073f21b') in 0.014621 seconds
  Import took 0.016894 seconds .

========================================================================
Received Import Request.
  Time since last request: 0.005627 seconds.
  path: Assets/Prefabs/default.prefab
  artifactKey: Guid(30f06f6fb36876d4eb6c41b706f66010) Importer(815301076,1909f56bfc062723c751e8b465ee728b)
Start importing Assets/Prefabs/default.prefab using Guid(30f06f6fb36876d4eb6c41b706f66010) Importer(815301076,1909f56bfc062723c751e8b465ee728b)  -> (artifact id: '91fe988f7ca7c66913937a539073f21b') in 0.025006 seconds
  Import took 0.027155 seconds .

========================================================================
Received Import Request.
  Time since last request: 22.234319 seconds.
  path: Assets/Prefabs/suelo_cocina.prefab
  artifactKey: Guid(f33e7c164d11acc4083e29b204166e82) Importer(815301076,1909f56bfc062723c751e8b465ee728b)
Start importing Assets/Prefabs/suelo_cocina.prefab using Guid(f33e7c164d11acc4083e29b204166e82) Importer(815301076,1909f56bfc062723c751e8b465ee728b)  -> (artifact id: 'f96e469d70833d10e3f7fe0f125ee936') in 0.017729 seconds
  Import took 0.019972 seconds .

========================================================================
Received Import Request.
  Time since last request: 0.003406 seconds.
  path: Assets/Prefabs/suelo_cocina.prefab
  artifactKey: Guid(f33e7c164d11acc4083e29b204166e82) Importer(815301076,1909f56bfc062723c751e8b465ee728b)
Start importing Assets/Prefabs/suelo_cocina.prefab using Guid(f33e7c164d11acc4083e29b204166e82) Importer(815301076,1909f56bfc062723c751e8b465ee728b)  -> (artifact id: 'f96e469d70833d10e3f7fe0f125ee936') in 0.010720 seconds
  Import took 0.013765 seconds .

========================================================================
Received Import Request.
  Time since last request: 50.184533 seconds.
  path: Assets/Prefabs/suelo_cocina.prefab
  artifactKey: Guid(f33e7c164d11acc4083e29b204166e82) Importer(815301076,1909f56bfc062723c751e8b465ee728b)
Start importing Assets/Prefabs/suelo_cocina.prefab using Guid(f33e7c164d11acc4083e29b204166e82) Importer(815301076,1909f56bfc062723c751e8b465ee728b)  -> (artifact id: '5b3763db89774aef8c009cd84bc4fb4e') in 0.016396 seconds
  Import took 0.018738 seconds .

========================================================================
Received Import Request.
  Time since last request: 86.906785 seconds.
  path: Assets/Prefabs/mesa.prefab
  artifactKey: Guid(7fc8d32e2ce14094083b3a8fa1b17d3a) Importer(815301076,1909f56bfc062723c751e8b465ee728b)
Start importing Assets/Prefabs/mesa.prefab using Guid(7fc8d32e2ce14094083b3a8fa1b17d3a) Importer(815301076,1909f56bfc062723c751e8b465ee728b)  -> (artifact id: 'f6fa129aa3f3ba609c7e7b2c6d6523f5') in 0.018164 seconds
  Import took 0.020568 seconds .

========================================================================
Received Import Request.
  Time since last request: 0.000884 seconds.
  path: Assets/Prefabs/mesa.prefab
  artifactKey: Guid(7fc8d32e2ce14094083b3a8fa1b17d3a) Importer(815301076,1909f56bfc062723c751e8b465ee728b)
Start importing Assets/Prefabs/mesa.prefab using Guid(7fc8d32e2ce14094083b3a8fa1b17d3a) Importer(815301076,1909f56bfc062723c751e8b465ee728b)  -> (artifact id: 'f6fa129aa3f3ba609c7e7b2c6d6523f5') in 0.012788 seconds
  Import took 0.015574 seconds .

========================================================================
Received Import Request.
  Time since last request: 3.302254 seconds.
  path: Assets/Prefabs/chef.prefab
  artifactKey: Guid(c32188126d2245b4396d24eaee2d9ad1) Importer(815301076,1909f56bfc062723c751e8b465ee728b)
Start importing Assets/Prefabs/chef.prefab using Guid(c32188126d2245b4396d24eaee2d9ad1) Importer(815301076,1909f56bfc062723c751e8b465ee728b)  -> (artifact id: 'd62a0855405d466f350c3172557a6c39') in 0.019123 seconds
  Import took 0.021472 seconds .

========================================================================
Received Import Request.
  Time since last request: 0.000877 seconds.
  path: Assets/Prefabs/chef.prefab
  artifactKey: Guid(c32188126d2245b4396d24eaee2d9ad1) Importer(815301076,1909f56bfc062723c751e8b465ee728b)
Start importing Assets/Prefabs/chef.prefab using Guid(c32188126d2245b4396d24eaee2d9ad1) Importer(815301076,1909f56bfc062723c751e8b465ee728b)  -> (artifact id: 'd62a0855405d466f350c3172557a6c39') in 0.013401 seconds
  Import took 0.015547 seconds .

========================================================================
Received Prepare
Registering precompiled user dll's ...
Registered in 0.000543 seconds.
Begin MonoManager ReloadAssembly
Native extension for WindowsStandalone target not found
Refreshing native plugins compatible for Editor in 0.66 ms, found 0 plugins.
Preloading 0 native plugins for Editor in 0.00 ms.
Invoked RoslynAnalysisRunner static constructor.
RoslynAnalysisRunner will not be running.
RoslynAnalysisRunner has terminated.
Mono: successfully reloaded assembly
- Completed reload, in  0.737 seconds
Platform modules already initialized, skipping
Refreshing native plugins compatible for Editor in 0.21 ms, found 0 plugins.
Preloading 0 native plugins for Editor in 0.00 ms.
Unloading 1109 Unused Serialized files (Serialized files now loaded: 0)
System memory in use before: 60.4 MB.
System memory in use after: 60.5 MB.

Unloading 4 unused Assets to reduce memory usage. Loaded Objects now: 1607.
Total: 4.049700 ms (FindLiveObjects: 0.512200 ms CreateObjectMapping: 0.136600 ms MarkObjects: 3.368500 ms  DeleteObjects: 0.029600 ms)

========================================================================
Received Prepare
Registering precompiled user dll's ...
Registered in 0.000563 seconds.
Begin MonoManager ReloadAssembly
Native extension for WindowsStandalone target not found
Refreshing native plugins compatible for Editor in 0.20 ms, found 0 plugins.
Preloading 0 native plugins for Editor in 0.00 ms.
Invoked RoslynAnalysisRunner static constructor.
RoslynAnalysisRunner will not be running.
RoslynAnalysisRunner has terminated.
Mono: successfully reloaded assembly
- Completed reload, in  0.714 seconds
Platform modules already initialized, skipping
Refreshing native plugins compatible for Editor in 0.19 ms, found 0 plugins.
Preloading 0 native plugins for Editor in 0.00 ms.
Unloading 1109 Unused Serialized files (Serialized files now loaded: 0)
System memory in use before: 60.4 MB.
System memory in use after: 60.5 MB.

Unloading 4 unused Assets to reduce memory usage. Loaded Objects now: 1610.
Total: 1.698300 ms (FindLiveObjects: 0.139200 ms CreateObjectMapping: 0.038700 ms MarkObjects: 1.503800 ms  DeleteObjects: 0.015200 ms)

========================================================================
Received Import Request.
  Time since last request: 421.809248 seconds.
  path: Assets/Prefabs/chef 1.prefab
  artifactKey: Guid(76d3557df0188904baf1fed1c59412f0) Importer(815301076,1909f56bfc062723c751e8b465ee728b)
Start importing Assets/Prefabs/chef 1.prefab using Guid(76d3557df0188904baf1fed1c59412f0) Importer(815301076,1909f56bfc062723c751e8b465ee728b)  -> (artifact id: '1e83fcb3ce61525437cc512923c9b4c6') in 0.077949 seconds
  Import took 0.079951 seconds .

========================================================================
Received Import Request.
  Time since last request: 21.119080 seconds.
  path: Assets/Prefabs/default.prefab
  artifactKey: Guid(30f06f6fb36876d4eb6c41b706f66010) Importer(815301076,1909f56bfc062723c751e8b465ee728b)
Start importing Assets/Prefabs/default.prefab using Guid(30f06f6fb36876d4eb6c41b706f66010) Importer(815301076,1909f56bfc062723c751e8b465ee728b)  -> (artifact id: 'f255b3e8c06b1cb726a5fcf50f44e74f') in 0.015977 seconds
  Import took 0.018013 seconds .

========================================================================
Received Import Request.
  Time since last request: 0.005742 seconds.
  path: Assets/Prefabs/default.prefab
  artifactKey: Guid(30f06f6fb36876d4eb6c41b706f66010) Importer(815301076,1909f56bfc062723c751e8b465ee728b)
Start importing Assets/Prefabs/default.prefab using Guid(30f06f6fb36876d4eb6c41b706f66010) Importer(815301076,1909f56bfc062723c751e8b465ee728b)  -> (artifact id: 'f255b3e8c06b1cb726a5fcf50f44e74f') in 0.009091 seconds
  Import took 0.012185 seconds .

========================================================================
Received Import Request.
  Time since last request: 25.290478 seconds.
  path: Assets/Prefabs/floor_scene1.prefab
  artifactKey: Guid(30f06f6fb36876d4eb6c41b706f66010) Importer(815301076,1909f56bfc062723c751e8b465ee728b)
Start importing Assets/Prefabs/floor_scene1.prefab using Guid(30f06f6fb36876d4eb6c41b706f66010) Importer(815301076,1909f56bfc062723c751e8b465ee728b)  -> (artifact id: 'e144bfafbb48fd2db62546dc16b0b298') in 0.019675 seconds
  Import took 0.021597 seconds .

========================================================================
Received Import Request.
  Time since last request: 24.416262 seconds.
  path: Assets/Prefabs/default.prefab
  artifactKey: Guid(fa117ea47bdd2134ca03fce55ceb7e99) Importer(815301076,1909f56bfc062723c751e8b465ee728b)
Start importing Assets/Prefabs/default.prefab using Guid(fa117ea47bdd2134ca03fce55ceb7e99) Importer(815301076,1909f56bfc062723c751e8b465ee728b)  -> (artifact id: '3aec1cfac95a391118e395f2d3ad200a') in 0.014471 seconds
  Import took 0.016465 seconds .

========================================================================
Received Import Request.
  Time since last request: 0.006645 seconds.
  path: Assets/Prefabs/default.prefab
  artifactKey: Guid(fa117ea47bdd2134ca03fce55ceb7e99) Importer(815301076,1909f56bfc062723c751e8b465ee728b)
Start importing Assets/Prefabs/default.prefab using Guid(fa117ea47bdd2134ca03fce55ceb7e99) Importer(815301076,1909f56bfc062723c751e8b465ee728b)  -> (artifact id: '3aec1cfac95a391118e395f2d3ad200a') in 0.010239 seconds
  Import took 0.012610 seconds .

========================================================================
Received Import Request.
  Time since last request: 12.033648 seconds.
  path: Assets/Prefabs/table_scene1.prefab
  artifactKey: Guid(fa117ea47bdd2134ca03fce55ceb7e99) Importer(815301076,1909f56bfc062723c751e8b465ee728b)
Start importing Assets/Prefabs/table_scene1.prefab using Guid(fa117ea47bdd2134ca03fce55ceb7e99) Importer(815301076,1909f56bfc062723c751e8b465ee728b)  -> (artifact id: '0473f4925f8a54ee1f406d7068f80e50') in 0.021378 seconds
  Import took 0.024226 seconds .

========================================================================
Received Import Request.
  Time since last request: 14.812514 seconds.
  path: Assets/Scripts
  artifactKey: Guid(46781a293d03c2d47b45959b7e989648) Importer(815301076,1909f56bfc062723c751e8b465ee728b)
Start importing Assets/Scripts using Guid(46781a293d03c2d47b45959b7e989648) Importer(815301076,1909f56bfc062723c751e8b465ee728b)  -> (artifact id: '34a70e62861d8debc90614417e3db7d7') in 0.005318 seconds
  Import took 0.007030 seconds .

========================================================================
Received Import Request.
  Time since last request: 0.006384 seconds.
  path: Assets/Scripts
  artifactKey: Guid(46781a293d03c2d47b45959b7e989648) Importer(815301076,1909f56bfc062723c751e8b465ee728b)
Start importing Assets/Scripts using Guid(46781a293d03c2d47b45959b7e989648) Importer(815301076,1909f56bfc062723c751e8b465ee728b)  -> (artifact id: '34a70e62861d8debc90614417e3db7d7') in 0.002312 seconds
  Import took 0.004504 seconds .

========================================================================
Received Prepare
Registering precompiled user dll's ...
Registered in 0.000547 seconds.
Begin MonoManager ReloadAssembly
Native extension for WindowsStandalone target not found
Refreshing native plugins compatible for Editor in 0.35 ms, found 0 plugins.
Preloading 0 native plugins for Editor in 0.00 ms.
Invoked RoslynAnalysisRunner static constructor.
RoslynAnalysisRunner will not be running.
RoslynAnalysisRunner has terminated.
Mono: successfully reloaded assembly
- Completed reload, in  0.745 seconds
Platform modules already initialized, skipping
Refreshing native plugins compatible for Editor in 0.37 ms, found 0 plugins.
Preloading 0 native plugins for Editor in 0.00 ms.
Unloading 1110 Unused Serialized files (Serialized files now loaded: 0)
System memory in use before: 60.4 MB.
System memory in use after: 60.5 MB.

Unloading 4 unused Assets to reduce memory usage. Loaded Objects now: 1615.
Total: 2.818300 ms (FindLiveObjects: 0.309200 ms CreateObjectMapping: 0.119000 ms MarkObjects: 2.365400 ms  DeleteObjects: 0.022700 ms)

========================================================================
Received Import Request.
  Time since last request: 9.571267 seconds.
  path: Assets/Scripts/MoveChef.cs
  artifactKey: Guid(82358540dc8297f49b1e539292b9f4b9) Importer(815301076,1909f56bfc062723c751e8b465ee728b)
Start importing Assets/Scripts/MoveChef.cs using Guid(82358540dc8297f49b1e539292b9f4b9) Importer(815301076,1909f56bfc062723c751e8b465ee728b)  -> (artifact id: '393ea482e47aebfe2c874e7249199a0a') in 0.019406 seconds
  Import took 0.022796 seconds .

========================================================================
Received Prepare
Registering precompiled user dll's ...
Registered in 0.000470 seconds.
Begin MonoManager ReloadAssembly
Native extension for WindowsStandalone target not found
Refreshing native plugins compatible for Editor in 0.20 ms, found 0 plugins.
Preloading 0 native plugins for Editor in 0.00 ms.
Invoked RoslynAnalysisRunner static constructor.
RoslynAnalysisRunner will not be running.
RoslynAnalysisRunner has terminated.
Mono: successfully reloaded assembly
- Completed reload, in  0.694 seconds
Platform modules already initialized, skipping
Refreshing native plugins compatible for Editor in 0.24 ms, found 0 plugins.
Preloading 0 native plugins for Editor in 0.00 ms.
Unloading 1110 Unused Serialized files (Serialized files now loaded: 0)
System memory in use before: 60.5 MB.
System memory in use after: 60.6 MB.

Unloading 4 unused Assets to reduce memory usage. Loaded Objects now: 1618.
Total: 2.013200 ms (FindLiveObjects: 0.219700 ms CreateObjectMapping: 0.066900 ms MarkObjects: 1.715100 ms  DeleteObjects: 0.010100 ms)

========================================================================
Received Prepare
Registering precompiled user dll's ...
Registered in 0.000562 seconds.
Begin MonoManager ReloadAssembly
Native extension for WindowsStandalone target not found
Refreshing native plugins compatible for Editor in 0.21 ms, found 0 plugins.
Preloading 0 native plugins for Editor in 0.00 ms.
Invoked RoslynAnalysisRunner static constructor.
RoslynAnalysisRunner will not be running.
RoslynAnalysisRunner has terminated.
Mono: successfully reloaded assembly
- Completed reload, in  0.692 seconds
Platform modules already initialized, skipping
Refreshing native plugins compatible for Editor in 0.20 ms, found 0 plugins.
Preloading 0 native plugins for Editor in 0.00 ms.
Unloading 1110 Unused Serialized files (Serialized files now loaded: 0)
System memory in use before: 60.5 MB.
System memory in use after: 60.6 MB.

Unloading 4 unused Assets to reduce memory usage. Loaded Objects now: 1621.
Total: 2.051900 ms (FindLiveObjects: 0.192000 ms CreateObjectMapping: 0.056700 ms MarkObjects: 1.790600 ms  DeleteObjects: 0.011600 ms)

========================================================================
Received Import Request.
  Time since last request: 106.816129 seconds.
  path: Assets/Scripts/MoveChef.cs
  artifactKey: Guid(82358540dc8297f49b1e539292b9f4b9) Importer(815301076,1909f56bfc062723c751e8b465ee728b)
Start importing Assets/Scripts/MoveChef.cs using Guid(82358540dc8297f49b1e539292b9f4b9) Importer(815301076,1909f56bfc062723c751e8b465ee728b)  -> (artifact id: 'ddb5fd5b7dae067e8f75792b76994027') in 0.003821 seconds
  Import took 0.005635 seconds .

========================================================================
Received Prepare
Registering precompiled user dll's ...
Registered in 0.000700 seconds.
Begin MonoManager ReloadAssembly
Native extension for WindowsStandalone target not found
Refreshing native plugins compatible for Editor in 0.17 ms, found 0 plugins.
Preloading 0 native plugins for Editor in 0.00 ms.
Invoked RoslynAnalysisRunner static constructor.
RoslynAnalysisRunner will not be running.
RoslynAnalysisRunner has terminated.
Mono: successfully reloaded assembly
- Completed reload, in  0.674 seconds
Platform modules already initialized, skipping
Refreshing native plugins compatible for Editor in 0.17 ms, found 0 plugins.
Preloading 0 native plugins for Editor in 0.00 ms.
Unloading 1110 Unused Serialized files (Serialized files now loaded: 0)
System memory in use before: 60.5 MB.
System memory in use after: 60.6 MB.

Unloading 4 unused Assets to reduce memory usage. Loaded Objects now: 1624.
Total: 1.725400 ms (FindLiveObjects: 0.126700 ms CreateObjectMapping: 0.033700 ms MarkObjects: 1.548900 ms  DeleteObjects: 0.015100 ms)

========================================================================
Received Prepare
Registering precompiled user dll's ...
Registered in 0.000658 seconds.
Begin MonoManager ReloadAssembly
Native extension for WindowsStandalone target not found
Refreshing native plugins compatible for Editor in 0.20 ms, found 0 plugins.
Preloading 0 native plugins for Editor in 0.00 ms.
Invoked RoslynAnalysisRunner static constructor.
RoslynAnalysisRunner will not be running.
RoslynAnalysisRunner has terminated.
Mono: successfully reloaded assembly
- Completed reload, in  0.723 seconds
Platform modules already initialized, skipping
Refreshing native plugins compatible for Editor in 0.19 ms, found 0 plugins.
Preloading 0 native plugins for Editor in 0.00 ms.
Unloading 1110 Unused Serialized files (Serialized files now loaded: 0)
System memory in use before: 60.5 MB.
System memory in use after: 60.6 MB.

Unloading 4 unused Assets to reduce memory usage. Loaded Objects now: 1627.
Total: 1.276900 ms (FindLiveObjects: 0.128000 ms CreateObjectMapping: 0.036400 ms MarkObjects: 1.102200 ms  DeleteObjects: 0.009400 ms)

========================================================================
Received Prepare
Registering precompiled user dll's ...
Registered in 0.000692 seconds.
Begin MonoManager ReloadAssembly
Native extension for WindowsStandalone target not found
Refreshing native plugins compatible for Editor in 0.20 ms, found 0 plugins.
Preloading 0 native plugins for Editor in 0.00 ms.
Invoked RoslynAnalysisRunner static constructor.
RoslynAnalysisRunner will not be running.
RoslynAnalysisRunner has terminated.
Mono: successfully reloaded assembly
- Completed reload, in  0.725 seconds
Platform modules already initialized, skipping
Refreshing native plugins compatible for Editor in 0.18 ms, found 0 plugins.
Preloading 0 native plugins for Editor in 0.00 ms.
Unloading 1110 Unused Serialized files (Serialized files now loaded: 0)
System memory in use before: 60.5 MB.
System memory in use after: 60.6 MB.

Unloading 4 unused Assets to reduce memory usage. Loaded Objects now: 1630.
Total: 2.109600 ms (FindLiveObjects: 0.191200 ms CreateObjectMapping: 0.064800 ms MarkObjects: 1.840200 ms  DeleteObjects: 0.012300 ms)

========================================================================
Received Prepare
Registering precompiled user dll's ...
Registered in 0.000454 seconds.
Begin MonoManager ReloadAssembly
Native extension for WindowsStandalone target not found
Refreshing native plugins compatible for Editor in 0.18 ms, found 0 plugins.
Preloading 0 native plugins for Editor in 0.00 ms.
Invoked RoslynAnalysisRunner static constructor.
RoslynAnalysisRunner will not be running.
RoslynAnalysisRunner has terminated.
Mono: successfully reloaded assembly
- Completed reload, in  0.737 seconds
Platform modules already initialized, skipping
Refreshing native plugins compatible for Editor in 0.19 ms, found 0 plugins.
Preloading 0 native plugins for Editor in 0.00 ms.
Unloading 1110 Unused Serialized files (Serialized files now loaded: 0)
System memory in use before: 60.5 MB.
System memory in use after: 60.6 MB.

Unloading 4 unused Assets to reduce memory usage. Loaded Objects now: 1633.
Total: 2.906700 ms (FindLiveObjects: 0.388700 ms CreateObjectMapping: 0.094600 ms MarkObjects: 2.363700 ms  DeleteObjects: 0.056300 ms)

========================================================================
Received Prepare
Registering precompiled user dll's ...
Registered in 0.000526 seconds.
Begin MonoManager ReloadAssembly
Native extension for WindowsStandalone target not found
Refreshing native plugins compatible for Editor in 0.19 ms, found 0 plugins.
Preloading 0 native plugins for Editor in 0.00 ms.
Invoked RoslynAnalysisRunner static constructor.
RoslynAnalysisRunner will not be running.
RoslynAnalysisRunner has terminated.
Mono: successfully reloaded assembly
- Completed reload, in  0.765 seconds
Platform modules already initialized, skipping
Refreshing native plugins compatible for Editor in 0.19 ms, found 0 plugins.
Preloading 0 native plugins for Editor in 0.00 ms.
Unloading 1110 Unused Serialized files (Serialized files now loaded: 0)
System memory in use before: 60.5 MB.
System memory in use after: 60.6 MB.

Unloading 4 unused Assets to reduce memory usage. Loaded Objects now: 1636.
Total: 1.951500 ms (FindLiveObjects: 0.171300 ms CreateObjectMapping: 0.090900 ms MarkObjects: 1.673400 ms  DeleteObjects: 0.014800 ms)

========================================================================
Received Prepare
Registering precompiled user dll's ...
Registered in 0.000484 seconds.
Begin MonoManager ReloadAssembly
Native extension for WindowsStandalone target not found
Refreshing native plugins compatible for Editor in 0.20 ms, found 0 plugins.
Preloading 0 native plugins for Editor in 0.00 ms.
Invoked RoslynAnalysisRunner static constructor.
RoslynAnalysisRunner will not be running.
RoslynAnalysisRunner has terminated.
Mono: successfully reloaded assembly
- Completed reload, in  0.661 seconds
Platform modules already initialized, skipping
Refreshing native plugins compatible for Editor in 0.20 ms, found 0 plugins.
Preloading 0 native plugins for Editor in 0.00 ms.
Unloading 1110 Unused Serialized files (Serialized files now loaded: 0)
System memory in use before: 60.5 MB.
System memory in use after: 60.6 MB.

Unloading 4 unused Assets to reduce memory usage. Loaded Objects now: 1639.
Total: 2.179800 ms (FindLiveObjects: 0.142900 ms CreateObjectMapping: 0.030900 ms MarkObjects: 1.993500 ms  DeleteObjects: 0.011000 ms)

AssetImportWorkerClient::OnTransportError - code=2 error=End of file
