Using pre-set license
Built from '2020.3/staging' branch; Version is '2020.3.3f1 (76626098c1c4) revision 7758432'; Using compiler version '192528614'; Build Type 'Release'
OS: 'Windows 10 Home; OS build 19042.928; Version 2009; 64bit' Language: 'es' Physical Memory: 16221 MB
BatchMode: 1, IsHumanControllingUs: 0, StartBugReporterOnCrash: 0, Is64bit: 1, IsPro: 0

 COMMAND LINE ARGUMENTS:
C:\Program Files\Unity\Hub\Editor\2020.3.3f1\Editor\Unity.exe
-adb2
-batchMode
-noUpm
-name
AssetImportWorker0
-projectPath
C:/Users/alex/Desktop/vj/games/TheGoonies/Overcooked
-logFile
Logs/AssetImportWorker0.log
-srvPort
57139
Successfully changed project path to: C:/Users/alex/Desktop/vj/games/TheGoonies/Overcooked
C:/Users/alex/Desktop/vj/games/TheGoonies/Overcooked
Using Asset Import Pipeline V2.
Refreshing native plugins compatible for Editor in 60.85 ms, found 0 plugins.
Preloading 0 native plugins for Editor in 0.00 ms.
Initialize engine version: 2020.3.3f1 (76626098c1c4)
[Subsystems] Discovering subsystems at path C:/Program Files/Unity/Hub/Editor/2020.3.3f1/Editor/Data/Resources/UnitySubsystems
[Subsystems] Discovering subsystems at path C:/Users/alex/Desktop/vj/games/TheGoonies/Overcooked/Assets
GfxDevice: creating device client; threaded=0
Direct3D:
    Version:  Direct3D 11.0 [level 11.1]
    Renderer: Intel(R) UHD Graphics (ID=0x9b41)
    Vendor:   
    VRAM:     8110 MB
    Driver:   27.20.100.8681
Initialize mono
Mono path[0] = 'C:/Program Files/Unity/Hub/Editor/2020.3.3f1/Editor/Data/Managed'
Mono path[1] = 'C:/Program Files/Unity/Hub/Editor/2020.3.3f1/Editor/Data/MonoBleedingEdge/lib/mono/unityjit'
Mono config path = 'C:/Program Files/Unity/Hub/Editor/2020.3.3f1/Editor/Data/MonoBleedingEdge/etc'
Using monoOptions --debugger-agent=transport=dt_socket,embedding=1,server=y,suspend=n,address=127.0.0.1:56752
Begin MonoManager ReloadAssembly
Registering precompiled unity dll's ...
Register platform support module: C:/Program Files/Unity/Hub/Editor/2020.3.3f1/Editor/Data/PlaybackEngines/WindowsStandaloneSupport/UnityEditor.WindowsStandalone.Extensions.dll
Registered in 0.003397 seconds.
Native extension for WindowsStandalone target not found
Refreshing native plugins compatible for Editor in 27.70 ms, found 0 plugins.
Preloading 0 native plugins for Editor in 0.00 ms.
Invoked RoslynAnalysisRunner static constructor.
RoslynAnalysisRunner will not be running.
RoslynAnalysisRunner has terminated.
Mono: successfully reloaded assembly
- Completed reload, in  2.382 seconds
Platform modules already initialized, skipping
Registering precompiled user dll's ...
Registered in 0.001699 seconds.
Begin MonoManager ReloadAssembly
Native extension for WindowsStandalone target not found
Refreshing native plugins compatible for Editor in 0.43 ms, found 0 plugins.
Preloading 0 native plugins for Editor in 0.00 ms.
Invoked RoslynAnalysisRunner static constructor.
RoslynAnalysisRunner will not be running.
RoslynAnalysisRunner has terminated.
Mono: successfully reloaded assembly
- Completed reload, in  1.780 seconds
Platform modules already initialized, skipping
========================================================================
Worker process is ready to serve import requests
Launched and connected shader compiler UnityShaderCompiler.exe after 0.06 seconds
Refreshing native plugins compatible for Editor in 0.43 ms, found 0 plugins.
Preloading 0 native plugins for Editor in 0.00 ms.
Unloading 1120 Unused Serialized files (Serialized files now loaded: 0)
System memory in use before: 57.2 MB.
System memory in use after: 57.3 MB.

Unloading 9 unused Assets to reduce memory usage. Loaded Objects now: 1563.
Total: 3.256100 ms (FindLiveObjects: 0.269600 ms CreateObjectMapping: 0.125100 ms MarkObjects: 2.767600 ms  DeleteObjects: 0.087100 ms)

========================================================================
Received Import Request.
  path: Assets/Models/chef.fbx
  artifactKey: Guid(940428ded9fc6e14894db39e384b5fbf) Importer(815301076,1909f56bfc062723c751e8b465ee728b)
Start importing Assets/Models/chef.fbx using Guid(940428ded9fc6e14894db39e384b5fbf) Importer(815301076,1909f56bfc062723c751e8b465ee728b)  -> (artifact id: '7a30023d53e68d8349f721b486cefe12') in 0.502014 seconds
  Import took 0.505451 seconds .

========================================================================
Received Import Request.
  Time since last request: 0.000283 seconds.
  path: Assets/Scenes/EscenaInicial.unity
  artifactKey: Guid(238932d1256d1924f80f6820596a6342) Importer(815301076,1909f56bfc062723c751e8b465ee728b)
Start importing Assets/Scenes/EscenaInicial.unity using Guid(238932d1256d1924f80f6820596a6342) Importer(815301076,1909f56bfc062723c751e8b465ee728b)  -> (artifact id: '638203e33d77dc44f2b2738cfdd94e17') in 0.007242 seconds
  Import took 0.009682 seconds .

========================================================================
Received Import Request.
  Time since last request: 0.000270 seconds.
  path: Assets/Models/chef 1.obj
  artifactKey: Guid(538b6cbf3b69e98468b3a92ca23f46c0) Importer(815301076,1909f56bfc062723c751e8b465ee728b)
Start importing Assets/Models/chef 1.obj using Guid(538b6cbf3b69e98468b3a92ca23f46c0) Importer(815301076,1909f56bfc062723c751e8b465ee728b)  -> (artifact id: 'a580df5e4b0353641e029c9ea84c2e54') in 0.026937 seconds
  Import took 0.029226 seconds .

========================================================================
Received Import Request.
  Time since last request: 0.000256 seconds.
  path: Assets/Models/chef.obj
  artifactKey: Guid(aacc1270ffd72f243b67adb556c68e07) Importer(815301076,1909f56bfc062723c751e8b465ee728b)
Start importing Assets/Models/chef.obj using Guid(aacc1270ffd72f243b67adb556c68e07) Importer(815301076,1909f56bfc062723c751e8b465ee728b)  -> (artifact id: '52b15861cea4e1f84e61605f332cbd37') in 0.028906 seconds
  Import took 0.031284 seconds .

========================================================================
Received Import Request.
  Time since last request: 0.000231 seconds.
  path: Assets/Models/chef 2.obj
  artifactKey: Guid(6f0fcf4a1008ca34a8433f9263a862ed) Importer(815301076,1909f56bfc062723c751e8b465ee728b)
Start importing Assets/Models/chef 2.obj using Guid(6f0fcf4a1008ca34a8433f9263a862ed) Importer(815301076,1909f56bfc062723c751e8b465ee728b)  -> (artifact id: '2afc5b535ca646addeb79f0b276c97a9') in 0.024750 seconds
  Import took 0.027289 seconds .

========================================================================
Received Import Request.
  Time since last request: 1.238062 seconds.
  path: Assets/Scenes/EscenaInicial.unity
  artifactKey: Guid(238932d1256d1924f80f6820596a6342) Importer(815301076,1909f56bfc062723c751e8b465ee728b)
Start importing Assets/Scenes/EscenaInicial.unity using Guid(238932d1256d1924f80f6820596a6342) Importer(815301076,1909f56bfc062723c751e8b465ee728b)  -> (artifact id: '638203e33d77dc44f2b2738cfdd94e17') in 0.003896 seconds
  Import took 0.008221 seconds .

========================================================================
Received Import Request.
  Time since last request: 40.662103 seconds.
  path: Assets/Scripts/ObjetoActual.cs
  artifactKey: Guid(8432cb7a325cfd144baf86718ead1c9a) Importer(815301076,1909f56bfc062723c751e8b465ee728b)
Start importing Assets/Scripts/ObjetoActual.cs using Guid(8432cb7a325cfd144baf86718ead1c9a) Importer(815301076,1909f56bfc062723c751e8b465ee728b)  -> (artifact id: '00fc2e502413a361857e63f3ec1936b3') in 0.013548 seconds
  Import took 0.016979 seconds .

========================================================================
Received Prepare
Registering precompiled user dll's ...
Registered in 0.000947 seconds.
Begin MonoManager ReloadAssembly
Native extension for WindowsStandalone target not found
Refreshing native plugins compatible for Editor in 0.67 ms, found 0 plugins.
Preloading 0 native plugins for Editor in 0.00 ms.
Invoked RoslynAnalysisRunner static constructor.
RoslynAnalysisRunner will not be running.
RoslynAnalysisRunner has terminated.
Mono: successfully reloaded assembly
- Completed reload, in  2.032 seconds
Platform modules already initialized, skipping
Refreshing native plugins compatible for Editor in 0.42 ms, found 0 plugins.
Preloading 0 native plugins for Editor in 0.00 ms.
Unloading 1114 Unused Serialized files (Serialized files now loaded: 0)
System memory in use before: 60.5 MB.
System memory in use after: 60.6 MB.

Unloading 4 unused Assets to reduce memory usage. Loaded Objects now: 1609.
Total: 3.136500 ms (FindLiveObjects: 0.272100 ms CreateObjectMapping: 0.071000 ms MarkObjects: 2.767000 ms  DeleteObjects: 0.023600 ms)

========================================================================
Received Prepare
Registering precompiled user dll's ...
Registered in 0.000959 seconds.
Begin MonoManager ReloadAssembly
Native extension for WindowsStandalone target not found
Refreshing native plugins compatible for Editor in 0.40 ms, found 0 plugins.
Preloading 0 native plugins for Editor in 0.00 ms.
Invoked RoslynAnalysisRunner static constructor.
RoslynAnalysisRunner will not be running.
RoslynAnalysisRunner has terminated.
Mono: successfully reloaded assembly
- Completed reload, in  1.660 seconds
Platform modules already initialized, skipping
Refreshing native plugins compatible for Editor in 0.38 ms, found 0 plugins.
Preloading 0 native plugins for Editor in 0.00 ms.
Unloading 1114 Unused Serialized files (Serialized files now loaded: 0)
System memory in use before: 60.5 MB.
System memory in use after: 60.6 MB.

Unloading 4 unused Assets to reduce memory usage. Loaded Objects now: 1612.
Total: 2.690000 ms (FindLiveObjects: 0.397800 ms CreateObjectMapping: 0.131900 ms MarkObjects: 2.139400 ms  DeleteObjects: 0.019300 ms)

AssetImportWorkerClient::OnTransportError - code=2 error=End of file
